mode: set
altar-app/interfaces/handler/login_handler.go:22.118,28.2 1 1
altar-app/interfaces/handler/login_handler.go:30.47,34.48 3 1
altar-app/interfaces/handler/login_handler.go:39.2,40.27 2 1
altar-app/interfaces/handler/login_handler.go:44.2,45.20 2 1
altar-app/interfaces/handler/login_handler.go:49.2,50.17 2 1
altar-app/interfaces/handler/login_handler.go:55.2,56.20 2 1
altar-app/interfaces/handler/login_handler.go:60.2,67.33 7 1
altar-app/interfaces/handler/login_handler.go:34.48,37.3 2 0
altar-app/interfaces/handler/login_handler.go:40.27,43.3 2 1
altar-app/interfaces/handler/login_handler.go:45.20,48.3 2 0
altar-app/interfaces/handler/login_handler.go:50.17,54.3 3 0
altar-app/interfaces/handler/login_handler.go:56.20,59.3 2 0
altar-app/interfaces/handler/login_handler.go:70.48,73.16 2 1
altar-app/interfaces/handler/login_handler.go:78.2,79.22 2 1
altar-app/interfaces/handler/login_handler.go:83.2,83.50 1 1
altar-app/interfaces/handler/login_handler.go:73.16,76.3 2 0
altar-app/interfaces/handler/login_handler.go:79.22,82.3 2 0
altar-app/interfaces/handler/login_handler.go:87.49,89.52 2 1
altar-app/interfaces/handler/login_handler.go:93.2,96.84 2 1
altar-app/interfaces/handler/login_handler.go:104.2,104.16 1 1
altar-app/interfaces/handler/login_handler.go:109.2,109.61 1 1
altar-app/interfaces/handler/login_handler.go:114.2,115.23 2 1
altar-app/interfaces/handler/login_handler.go:89.52,92.3 2 0
altar-app/interfaces/handler/login_handler.go:96.84,98.58 1 1
altar-app/interfaces/handler/login_handler.go:101.3,101.50 1 1
altar-app/interfaces/handler/login_handler.go:98.58,100.4 1 0
altar-app/interfaces/handler/login_handler.go:104.16,107.3 2 0
altar-app/interfaces/handler/login_handler.go:109.61,112.3 2 0
altar-app/interfaces/handler/login_handler.go:115.23,117.10 2 1
altar-app/interfaces/handler/login_handler.go:121.3,122.17 2 1
altar-app/interfaces/handler/login_handler.go:127.3,128.20 2 1
altar-app/interfaces/handler/login_handler.go:133.3,134.23 2 1
altar-app/interfaces/handler/login_handler.go:139.3,140.21 2 1
altar-app/interfaces/handler/login_handler.go:144.3,148.37 2 1
altar-app/interfaces/handler/login_handler.go:117.10,120.4 2 0
altar-app/interfaces/handler/login_handler.go:122.17,125.4 2 0
altar-app/interfaces/handler/login_handler.go:128.20,131.4 2 0
altar-app/interfaces/handler/login_handler.go:134.23,137.4 2 0
altar-app/interfaces/handler/login_handler.go:140.21,143.4 2 0
altar-app/interfaces/handler/login_handler.go:149.8,151.3 1 0
altar-app/interfaces/handler/pelanggan_handler.go:21.150,28.2 1 0
altar-app/interfaces/handler/pelanggan_handler.go:31.52,35.16 3 0
altar-app/interfaces/handler/pelanggan_handler.go:40.2,41.16 2 0
altar-app/interfaces/handler/pelanggan_handler.go:46.2,47.16 2 0
altar-app/interfaces/handler/pelanggan_handler.go:51.2,55.16 4 0
altar-app/interfaces/handler/pelanggan_handler.go:59.2,59.35 1 0
altar-app/interfaces/handler/pelanggan_handler.go:35.16,38.3 2 0
altar-app/interfaces/handler/pelanggan_handler.go:41.16,44.3 2 0
altar-app/interfaces/handler/pelanggan_handler.go:47.16,50.3 2 0
altar-app/interfaces/handler/pelanggan_handler.go:55.16,58.3 2 0
altar-app/interfaces/handler/penagihan_handler.go:22.150,29.2 1 0
altar-app/interfaces/handler/penagihan_handler.go:32.52,36.16 3 0
altar-app/interfaces/handler/penagihan_handler.go:41.2,42.16 2 0
altar-app/interfaces/handler/penagihan_handler.go:47.2,48.16 2 0
altar-app/interfaces/handler/penagihan_handler.go:52.2,56.16 4 0
altar-app/interfaces/handler/penagihan_handler.go:60.2,64.86 4 0
altar-app/interfaces/handler/penagihan_handler.go:36.16,39.3 2 0
altar-app/interfaces/handler/penagihan_handler.go:42.16,45.3 2 0
altar-app/interfaces/handler/penagihan_handler.go:48.16,51.3 2 0
altar-app/interfaces/handler/penagihan_handler.go:56.16,59.3 2 0
altar-app/interfaces/handler/role_handler.go:20.102,26.2 1 1
altar-app/interfaces/handler/role_handler.go:29.42,33.16 2 1
altar-app/interfaces/handler/role_handler.go:38.2,39.16 2 1
altar-app/interfaces/handler/role_handler.go:44.2,49.16 4 1
altar-app/interfaces/handler/role_handler.go:54.2,54.30 1 1
altar-app/interfaces/handler/role_handler.go:33.16,36.3 2 0
altar-app/interfaces/handler/role_handler.go:39.16,42.3 2 0
altar-app/interfaces/handler/role_handler.go:49.16,52.3 2 0
altar-app/interfaces/handler/user_handler.go:20.102,26.2 1 1
altar-app/interfaces/handler/user_handler.go:28.42,30.48 2 1
altar-app/interfaces/handler/user_handler.go:37.2,38.26 2 1
altar-app/interfaces/handler/user_handler.go:42.2,43.16 2 1
altar-app/interfaces/handler/user_handler.go:47.2,47.50 1 1
altar-app/interfaces/handler/user_handler.go:30.48,35.3 2 1
altar-app/interfaces/handler/user_handler.go:38.26,41.3 2 1
altar-app/interfaces/handler/user_handler.go:43.16,46.3 2 1
altar-app/interfaces/handler/user_handler.go:50.42,55.16 4 1
altar-app/interfaces/handler/user_handler.go:59.2,59.44 1 1
altar-app/interfaces/handler/user_handler.go:55.16,58.3 2 0
altar-app/interfaces/handler/user_handler.go:62.41,64.16 2 1
altar-app/interfaces/handler/user_handler.go:68.2,69.16 2 1
altar-app/interfaces/handler/user_handler.go:73.2,73.42 1 1
altar-app/interfaces/handler/user_handler.go:64.16,67.3 2 0
altar-app/interfaces/handler/user_handler.go:69.16,72.3 2 0
